# JRE version: Java(TM) SE Runtime Environment (8.0_31-b13) (build 1.8.0_31-b13)
# Java VM: Java HotSpot(TM) Client VM (25.31-b07 mixed mode windows-x86 )
Heap:
 def new generation   total 78656K, used 78655K [0x03a00000, 0x08f50000, 0x08f50000)
  eden space 69952K,  99% used [0x03a00000, 0x07e4ffc8, 0x07e50000)
  from space 8704K,  99% used [0x086d0000, 0x08f4fff0, 0x08f50000)
  to   space 8704K,   0% used [0x07e50000, 0x07e50000, 0x086d0000)
 tenured generation   total 174784K, used 174783K [0x08f50000, 0x13a00000, 0x13a00000)
   the space 174784K,  99% used [0x08f50000, 0x139ffff8, 0x09239800, 0x13a00000)
 Metaspace       used 16232K, capacity 17063K, committed 17152K, reserved 17792K
GC Heap History (10 events):
Event: 15985.903 GC heap after
Heap after GC invocations=1173 (full 996):
 def new generation   total 78656K, used 78655K [0x03a00000, 0x08f50000, 0x08f50000)
  eden space 69952K,  99% used [0x03a00000, 0x07e4ffe0, 0x07e50000)
  from space 8704K,  99% used [0x086d0000, 0x08f4fff0, 0x08f50000)
  to   space 8704K,   0% used [0x07e50000, 0x07e50000, 0x086d0000)
 tenured generation   total 174784K, used 174783K [0x08f50000, 0x13a00000, 0x13a00000)
   the space 174784K,  99% used [0x08f50000, 0x139ffff8, 0x13a00000, 0x13a00000)
 Metaspace       used 16232K, capacity 17063K, committed 17152K, reserved 17792K
}
Event: 15985.903 GC heap before
{Heap before GC invocations=1173 (full 996):
 def new generation   total 78656K, used 78655K [0x03a00000, 0x08f50000, 0x08f50000)
  eden space 69952K,  99% used [0x03a00000, 0x07e4ffe0, 0x07e50000)
  from space 8704K,  99% used [0x086d0000, 0x08f4fff0, 0x08f50000)
  to   space 8704K,   0% used [0x07e50000, 0x07e50000, 0x086d0000)
 tenured generation   total 174784K, used 174783K [0x08f50000, 0x13a00000, 0x13a00000)
   the space 174784K,  99% used [0x08f50000, 0x139ffff8, 0x13a00000, 0x13a00000)
 Metaspace       used 16232K, capacity 17063K, committed 17152K, reserved 17792K
Event: 15985.931 GC heap after
Heap after GC invocations=1174 (full 997):
 def new generation   total 78656K, used 78655K [0x03a00000, 0x08f50000, 0x08f50000)
  eden space 69952K,  99% used [0x03a00000, 0x07e4ffe0, 0x07e50000)
  from space 8704K,  99% used [0x086d0000, 0x08f4fff0, 0x08f50000)
  to   space 8704K,   0% used [0x07e50000, 0x07e50000, 0x086d0000)
 tenured generation   total 174784K, used 174783K [0x08f50000, 0x13a00000, 0x13a00000)
   the space 174784K,  99% used [0x08f50000, 0x139ffff8, 0x13a00000, 0x13a00000)
 Metaspace       used 16232K, capacity 17063K, committed 17152K, reserved 17792K
}
Event: 15985.931 GC heap before
{Heap before GC invocations=1174 (full 997):
 def new generation   total 78656K, used 78655K [0x03a00000, 0x08f50000, 0x08f50000)
  eden space 69952K,  99% used [0x03a00000, 0x07e4fff0, 0x07e50000)
  from space 8704K,  99% used [0x086d0000, 0x08f4fff0, 0x08f50000)
  to   space 8704K,   0% used [0x07e50000, 0x07e50000, 0x086d0000)
 tenured generation   total 174784K, used 174783K [0x08f50000, 0x13a00000, 0x13a00000)
   the space 174784K,  99% used [0x08f50000, 0x139ffff8, 0x13a00000, 0x13a00000)
 Metaspace       used 16232K, capacity 17063K, committed 17152K, reserved 17792K
Event: 15985.959 GC heap after
Heap after GC invocations=1175 (full 998):
 def new generation   total 78656K, used 78655K [0x03a00000, 0x08f50000, 0x08f50000)
  eden space 69952K,  99% used [0x03a00000, 0x07e4ff80, 0x07e50000)
  from space 8704K,  99% used [0x086d0000, 0x08f4fff0, 0x08f50000)
  to   space 8704K,   0% used [0x07e50000, 0x07e50000, 0x086d0000)
 tenured generation   total 174784K, used 174783K [0x08f50000, 0x13a00000, 0x13a00000)
   the space 174784K,  99% used [0x08f50000, 0x139ffff8, 0x13a00000, 0x13a00000)
 Metaspace       used 16232K, capacity 17063K, committed 17152K, reserved 17792K
}
Event: 15985.960 GC heap before
{Heap before GC invocations=1175 (full 998):
 def new generation   total 78656K, used 78655K [0x03a00000, 0x08f50000, 0x08f50000)
  eden space 69952K,  99% used [0x03a00000, 0x07e4ffa8, 0x07e50000)
  from space 8704K,  99% used [0x086d0000, 0x08f4fff0, 0x08f50000)
  to   space 8704K,   0% used [0x07e50000, 0x07e50000, 0x086d0000)
 tenured generation   total 174784K, used 174783K [0x08f50000, 0x13a00000, 0x13a00000)
   the space 174784K,  99% used [0x08f50000, 0x139ffff8, 0x13a00000, 0x13a00000)
 Metaspace       used 16232K, capacity 17063K, committed 17152K, reserved 17792K
Event: 15985.987 GC heap after
Heap after GC invocations=1176 (full 999):
 def new generation   total 78656K, used 78655K [0x03a00000, 0x08f50000, 0x08f50000)
  eden space 69952K,  99% used [0x03a00000, 0x07e4ffa8, 0x07e50000)
  from space 8704K,  99% used [0x086d0000, 0x08f4fff0, 0x08f50000)
  to   space 8704K,   0% used [0x07e50000, 0x07e50000, 0x086d0000)
 tenured generation   total 174784K, used 174783K [0x08f50000, 0x13a00000, 0x13a00000)
   the space 174784K,  99% used [0x08f50000, 0x139ffff8, 0x13a00000, 0x13a00000)
 Metaspace       used 16232K, capacity 17063K, committed 17152K, reserved 17792K
}
Event: 15985.987 GC heap before
{Heap before GC invocations=1176 (full 999):
 def new generation   total 78656K, used 78655K [0x03a00000, 0x08f50000, 0x08f50000)
  eden space 69952K,  99% used [0x03a00000, 0x07e4ffa8, 0x07e50000)
  from space 8704K,  99% used [0x086d0000, 0x08f4fff0, 0x08f50000)
  to   space 8704K,   0% used [0x07e50000, 0x07e50000, 0x086d0000)
 tenured generation   total 174784K, used 174783K [0x08f50000, 0x13a00000, 0x13a00000)
   the space 174784K,  99% used [0x08f50000, 0x139ffff8, 0x13a00000, 0x13a00000)
 Metaspace       used 16232K, capacity 17063K, committed 17152K, reserved 17792K
Event: 15986.015 GC heap after
Heap after GC invocations=1177 (full 1000):
 def new generation   total 78656K, used 78655K [0x03a00000, 0x08f50000, 0x08f50000)
  eden space 69952K,  99% used [0x03a00000, 0x07e4ffa8, 0x07e50000)
  from space 8704K,  99% used [0x086d0000, 0x08f4fff0, 0x08f50000)
  to   space 8704K,   0% used [0x07e50000, 0x07e50000, 0x086d0000)
 tenured generation   total 174784K, used 174783K [0x08f50000, 0x13a00000, 0x13a00000)
   the space 174784K,  99% used [0x08f50000, 0x139ffff8, 0x13a00000, 0x13a00000)
 Metaspace       used 16232K, capacity 17063K, committed 17152K, reserved 17792K
}
Event: 15986.016 GC heap before
{Heap before GC invocations=1177 (full 1000):
 def new generation   total 78656K, used 78655K [0x03a00000, 0x08f50000, 0x08f50000)
  eden space 69952K, 100% used [0x03a00000, 0x07e50000, 0x07e50000)
  from space 8704K,  99% used [0x086d0000, 0x08f4fff0, 0x08f50000)
  to   space 8704K,   0% used [0x07e50000, 0x07e50000, 0x086d0000)
 tenured generation   total 174784K, used 174783K [0x08f50000, 0x13a00000, 0x13a00000)
   the space 174784K,  99% used [0x08f50000, 0x139ffff8, 0x13a00000, 0x13a00000)
 Metaspace       used 16232K, capacity 17063K, committed 17152K, reserved 17792K

