# JRE version: Java(TM) SE Runtime Environment (8.0_31-b13) (build 1.8.0_31-b13)
# Java VM: Java HotSpot(TM) Client VM (25.31-b07 mixed mode windows-x86 )
Heap:
 def new generation   total 78656K, used 78655K [0x03800000, 0x08d50000, 0x08d50000)
  eden space 69952K,  99% used [0x03800000, 0x07c4fff8, 0x07c50000)
  from space 8704K, 100% used [0x07c50000, 0x084d0000, 0x084d0000)
  to   space 8704K,   0% used [0x084d0000, 0x084d0000, 0x08d50000)
 tenured generation   total 174784K, used 174783K [0x08d50000, 0x13800000, 0x13800000)
   the space 174784K,  99% used [0x08d50000, 0x137ffff8, 0x13800000, 0x13800000)
 Metaspace       used 16340K, capacity 17196K, committed 17280K, reserved 17792K
GC Heap History (10 events):
Event: 17095.274 GC heap before
{Heap before GC invocations=1555 (full 1343):
 def new generation   total 78656K, used 78655K [0x03800000, 0x08d50000, 0x08d50000)
  eden space 69952K,  99% used [0x03800000, 0x07c4fff8, 0x07c50000)
  from space 8704K, 100% used [0x07c50000, 0x084d0000, 0x084d0000)
  to   space 8704K,   0% used [0x084d0000, 0x084d0000, 0x08d50000)
 tenured generation   total 174784K, used 174783K [0x08d50000, 0x13800000, 0x13800000)
   the space 174784K,  99% used [0x08d50000, 0x137ffff8, 0x13800000, 0x13800000)
 Metaspace       used 16340K, capacity 17196K, committed 17280K, reserved 17792K
Event: 17095.347 GC heap after
Heap after GC invocations=1556 (full 1344):
 def new generation   total 78656K, used 78655K [0x03800000, 0x08d50000, 0x08d50000)
  eden space 69952K,  99% used [0x03800000, 0x07c4fff8, 0x07c50000)
  from space 8704K, 100% used [0x07c50000, 0x084d0000, 0x084d0000)
  to   space 8704K,   0% used [0x084d0000, 0x084d0000, 0x08d50000)
 tenured generation   total 174784K, used 174783K [0x08d50000, 0x13800000, 0x13800000)
   the space 174784K,  99% used [0x08d50000, 0x137ffff8, 0x13800000, 0x13800000)
 Metaspace       used 16340K, capacity 17196K, committed 17280K, reserved 17792K
}
Event: 17095.347 GC heap before
{Heap before GC invocations=1556 (full 1344):
 def new generation   total 78656K, used 78655K [0x03800000, 0x08d50000, 0x08d50000)
  eden space 69952K,  99% used [0x03800000, 0x07c4fff8, 0x07c50000)
  from space 8704K, 100% used [0x07c50000, 0x084d0000, 0x084d0000)
  to   space 8704K,   0% used [0x084d0000, 0x084d0000, 0x08d50000)
 tenured generation   total 174784K, used 174783K [0x08d50000, 0x13800000, 0x13800000)
   the space 174784K,  99% used [0x08d50000, 0x137ffff8, 0x13800000, 0x13800000)
 Metaspace       used 16340K, capacity 17196K, committed 17280K, reserved 17792K
Event: 17095.420 GC heap after
Heap after GC invocations=1557 (full 1345):
 def new generation   total 78656K, used 78655K [0x03800000, 0x08d50000, 0x08d50000)
  eden space 69952K,  99% used [0x03800000, 0x07c4fff8, 0x07c50000)
  from space 8704K, 100% used [0x07c50000, 0x084d0000, 0x084d0000)
  to   space 8704K,   0% used [0x084d0000, 0x084d0000, 0x08d50000)
 tenured generation   total 174784K, used 174783K [0x08d50000, 0x13800000, 0x13800000)
   the space 174784K,  99% used [0x08d50000, 0x137ffff8, 0x13800000, 0x13800000)
 Metaspace       used 16340K, capacity 17196K, committed 17280K, reserved 17792K
}
Event: 17095.421 GC heap before
{Heap before GC invocations=1557 (full 1345):
 def new generation   total 78656K, used 78655K [0x03800000, 0x08d50000, 0x08d50000)
  eden space 69952K,  99% used [0x03800000, 0x07c4fff8, 0x07c50000)
  from space 8704K, 100% used [0x07c50000, 0x084d0000, 0x084d0000)
  to   space 8704K,   0% used [0x084d0000, 0x084d0000, 0x08d50000)
 tenured generation   total 174784K, used 174783K [0x08d50000, 0x13800000, 0x13800000)
   the space 174784K,  99% used [0x08d50000, 0x137ffff8, 0x13800000, 0x13800000)
 Metaspace       used 16340K, capacity 17196K, committed 17280K, reserved 17792K
Event: 17095.493 GC heap after
Heap after GC invocations=1558 (full 1346):
 def new generation   total 78656K, used 78655K [0x03800000, 0x08d50000, 0x08d50000)
  eden space 69952K,  99% used [0x03800000, 0x07c4fff8, 0x07c50000)
  from space 8704K, 100% used [0x07c50000, 0x084d0000, 0x084d0000)
  to   space 8704K,   0% used [0x084d0000, 0x084d0000, 0x08d50000)
 tenured generation   total 174784K, used 174783K [0x08d50000, 0x13800000, 0x13800000)
   the space 174784K,  99% used [0x08d50000, 0x137ffff8, 0x13800000, 0x13800000)
 Metaspace       used 16340K, capacity 17196K, committed 17280K, reserved 17792K
}
Event: 17095.494 GC heap before
{Heap before GC invocations=1558 (full 1346):
 def new generation   total 78656K, used 78655K [0x03800000, 0x08d50000, 0x08d50000)
  eden space 69952K,  99% used [0x03800000, 0x07c4fff8, 0x07c50000)
  from space 8704K, 100% used [0x07c50000, 0x084d0000, 0x084d0000)
  to   space 8704K,   0% used [0x084d0000, 0x084d0000, 0x08d50000)
 tenured generation   total 174784K, used 174783K [0x08d50000, 0x13800000, 0x13800000)
   the space 174784K,  99% used [0x08d50000, 0x137ffff8, 0x13800000, 0x13800000)
 Metaspace       used 16340K, capacity 17196K, committed 17280K, reserved 17792K
Event: 17095.560 GC heap after
Heap after GC invocations=1559 (full 1347):
 def new generation   total 78656K, used 78655K [0x03800000, 0x08d50000, 0x08d50000)
  eden space 69952K,  99% used [0x03800000, 0x07c4fff8, 0x07c50000)
  from space 8704K, 100% used [0x07c50000, 0x084d0000, 0x084d0000)
  to   space 8704K,   0% used [0x084d0000, 0x084d0000, 0x08d50000)
 tenured generation   total 174784K, used 174783K [0x08d50000, 0x13800000, 0x13800000)
   the space 174784K,  99% used [0x08d50000, 0x137ffff8, 0x13800000, 0x13800000)
 Metaspace       used 16340K, capacity 17196K, committed 17280K, reserved 17792K
}
Event: 17095.560 GC heap before
{Heap before GC invocations=1559 (full 1347):
 def new generation   total 78656K, used 78655K [0x03800000, 0x08d50000, 0x08d50000)
  eden space 69952K,  99% used [0x03800000, 0x07c4fff8, 0x07c50000)
  from space 8704K, 100% used [0x07c50000, 0x084d0000, 0x084d0000)
  to   space 8704K,   0% used [0x084d0000, 0x084d0000, 0x08d50000)
 tenured generation   total 174784K, used 174783K [0x08d50000, 0x13800000, 0x13800000)
   the space 174784K,  99% used [0x08d50000, 0x137ffff8, 0x13800000, 0x13800000)
 Metaspace       used 16340K, capacity 17196K, committed 17280K, reserved 17792K
Event: 17095.632 GC heap after
Heap after GC invocations=1560 (full 1348):
 def new generation   total 78656K, used 78655K [0x03800000, 0x08d50000, 0x08d50000)
  eden space 69952K,  99% used [0x03800000, 0x07c4fff8, 0x07c50000)
  from space 8704K, 100% used [0x07c50000, 0x084d0000, 0x084d0000)
  to   space 8704K,   0% used [0x084d0000, 0x084d0000, 0x08d50000)
 tenured generation   total 174784K, used 174783K [0x08d50000, 0x13800000, 0x13800000)
   the space 174784K,  99% used [0x08d50000, 0x137ffff8, 0x13800000, 0x13800000)
 Metaspace       used 16340K, capacity 17196K, committed 17280K, reserved 17792K
}

